<?xml version="1.0" encoding="UTF-8" standalone="no"?><testsuite errors="1" failures="0" name="Yo como usuario de la aplicación gastaging.siigo" skipped="0" tests="1" time="0.33" timestamp="2025-08-26 02:55:32"><testcase name="Inicio de sesión exitoso"><error message="org/openqa/selenium/html5/WebStorage" type="java.lang.NoClassDefFoundError">org/openqa/selenium/html5/WebStorage</error><system-err>org/openqa/selenium/html5/WebStorage&#13;
worker.org.gradle.process.internal.worker.GradleWorkerMain.run(GradleWorkerMain.java:69)&#13;
worker.org.gradle.process.internal.worker.GradleWorkerMain.main(GradleWorkerMain.java:74)&#13;
</system-err></testcase></testsuite>