<?xml version="1.0" encoding="UTF-8" standalone="no"?><testsuite errors="1" failures="0" name="Creación de clientes en gastaging.siigo" skipped="0" tests="1" time="0.31" timestamp="2025-08-26 11:16:42"><testcase name="Registro exitoso de un nuevo cliente"><error message="org/openqa/selenium/html5/WebStorage" type="java.lang.NoClassDefFoundError">org/openqa/selenium/html5/WebStorage</error><system-err>org/openqa/selenium/html5/WebStorage&#13;
worker.org.gradle.process.internal.worker.GradleWorkerMain.run(GradleWorkerMain.java:69)&#13;
worker.org.gradle.process.internal.worker.GradleWorkerMain.main(GradleWorkerMain.java:74)&#13;
</system-err></testcase></testsuite>